 Simulation_Period = 20090901 -- 20170831
       Mon                         AVG & STDDEV for VAR[1:n]
    200909            0.000145            0.000219            0.029180            0.001541            0.274384            0.058002            0.000284            0.000098            0.000049            0.000021
    200910            0.000037            0.000012            0.027855            0.000527            0.167027            0.003701            0.000096            0.000021            0.000015            0.000003
    200911            0.000018            0.000005            0.029019            0.000254            0.165211            0.001862            0.000067            0.000003            0.000011            0.000000
    200912            0.000008            0.000001            0.030303            0.000413            0.139514            0.014651            0.000051            0.000005            0.000009            0.000001
    201001            0.000005            0.000001            0.031388            0.000283            0.085342            0.013392            0.000033            0.000004            0.000006            0.000001
    201002            0.000004            0.000001            0.032105            0.000162            0.054828            0.003745            0.000022            0.000002            0.000004            0.000000
    201003            0.000014            0.000009            0.033375            0.000719            0.079532            0.020806            0.000025            0.000005            0.000004            0.000001
    201004            0.000073            0.000028            0.034993            0.000246            0.150342            0.007984            0.000061            0.000010            0.000012            0.000002
    201005            0.000121            0.000018            0.034145            0.000466            0.147674            0.006362            0.000073            0.000001            0.000019            0.000002
    201006            0.000117            0.000012            0.031822            0.000642            0.129400            0.003188            0.000068            0.000002            0.000024            0.000001
    201007            0.000115            0.000012            0.030606            0.000184            0.127219            0.001944            0.000062            0.000001            0.000026            0.000001
    201008            0.000092            0.000017            0.030268            0.000125            0.121421            0.004068            0.000058            0.000001            0.000028            0.000000
    201009            0.000086            0.000005            0.030052            0.000328            0.135181            0.006446            0.000057            0.000000            0.000029            0.000000
    201010            0.000072            0.000008            0.030427            0.000469            0.155498            0.003993            0.000056            0.000001            0.000029            0.000000
    201011            0.000044            0.000006            0.032101            0.000389            0.163736            0.002760            0.000055            0.000000            0.000028            0.000001
    201012            0.000017            0.000013            0.034527            0.000708            0.138932            0.023755            0.000049            0.000004            0.000023            0.000002
    201101            0.000004            0.000003            0.035401            0.000157            0.063052            0.013996            0.000027            0.000007            0.000012            0.000003
    201102            0.000012            0.000003            0.036871            0.000651            0.057049            0.006637            0.000018            0.000002            0.000008            0.000001
    201103            0.000019            0.000003            0.039904            0.001052            0.072504            0.001422            0.000028            0.000003            0.000012            0.000001
    201104            0.000054            0.000013            0.043513            0.000554            0.098937            0.012216            0.000045            0.000008            0.000020            0.000004
    201105            0.000110            0.000015            0.042385            0.000909            0.118961            0.008563            0.000064            0.000003            0.000028            0.000002
    201106            0.000101            0.000015            0.039423            0.000813            0.100023            0.001865            0.000065            0.000001            0.000031            0.000001
    201107            0.000043            0.000017            0.038737            0.000943            0.068709            0.011739            0.000056            0.000006            0.000028            0.000003
    201108            0.000032            0.000003            0.043215            0.001574            0.054834            0.002994            0.000042            0.000002            0.000022            0.000001
    201109            0.000045            0.000005            0.048950            0.001710            0.064579            0.003696            0.000044            0.000001            0.000023            0.000001
    201110            0.000049            0.000007            0.054144            0.001311            0.075257            0.008267            0.000048            0.000002            0.000025            0.000001
    201111            0.000050            0.000004            0.056522            0.000264            0.096407            0.003567            0.000055            0.000002            0.000027            0.000000
    201112            0.000038            0.000003            0.058176            0.000551            0.106333            0.002889            0.000056            0.000001            0.000025            0.000001
    201201            0.000031            0.000002            0.060779            0.000934            0.097307            0.002063            0.000055            0.000001            0.000022            0.000001
    201202            0.000034            0.000005            0.062229            0.000186            0.102651            0.003424            0.000060            0.000002            0.000022            0.000000
    201203            0.000063            0.000018            0.060330            0.000977            0.116078            0.007268            0.000075            0.000007            0.000025            0.000002
    201204            0.000101            0.000016            0.055974            0.001485            0.134894            0.002360            0.000096            0.000003            0.000033            0.000001
    201205            0.000061            0.000011            0.051572            0.000877            0.120847            0.011096            0.000095            0.000004            0.000033            0.000002
    201206            0.000072            0.000004            0.049751            0.000137            0.080389            0.006829            0.000073            0.000007            0.000025            0.000002
    201207            0.000055            0.000016            0.050245            0.000302            0.067241            0.003375            0.000060            0.000001            0.000022            0.000000
    201208            0.000049            0.000004            0.051528            0.000712            0.061393            0.004030            0.000056            0.000001            0.000021            0.000000
    201209            0.000051            0.000005            0.053762            0.000687            0.066282            0.002906            0.000055            0.000001            0.000022            0.000000
    201210            0.000042            0.000005            0.056536            0.000882            0.072705            0.003271            0.000055            0.000001            0.000022            0.000000
    201211            0.000026            0.000004            0.060064            0.001182            0.067368            0.003469            0.000050            0.000003            0.000020            0.000001
    201212            0.000020            0.000001            0.063992            0.001017            0.072087            0.007156            0.000046            0.000001            0.000018            0.000000
    201301            0.000021            0.000001            0.067038            0.000727            0.082550            0.003704            0.000051            0.000001            0.000018            0.000000
    201302            0.000022            0.000001            0.068950            0.000390            0.080103            0.003401            0.000055            0.000001            0.000018            0.000000
    201303            0.000028            0.000002            0.069174            0.000336            0.087902            0.001041            0.000064            0.000004            0.000019            0.000001
    201304            0.000050            0.000012            0.067412            0.000794            0.103317            0.009223            0.000080            0.000007            0.000023            0.000002
    201305            0.000102            0.000010            0.062800            0.001922            0.149025            0.014901            0.000116            0.000014            0.000034            0.000005
    201306            0.000161            0.000011            0.054343            0.002941            0.191526            0.009695            0.000157            0.000008            0.000051            0.000004
    201307            0.000138            0.000015            0.044898            0.002363            0.211405            0.002254            0.000159            0.000005            0.000057            0.000001
    201308            0.000136            0.000016            0.036994            0.002040            0.210588            0.003619            0.000136            0.000009            0.000051            0.000003
    201309            0.000087            0.000006            0.031832            0.001045            0.182310            0.012749            0.000104            0.000010            0.000041            0.000004
    201310            0.000054            0.000008            0.030301            0.000445            0.154465            0.004608            0.000070            0.000007            0.000027            0.000003
    201311            0.000036            0.000002            0.031623            0.000401            0.170060            0.011729            0.000060            0.000001            0.000022            0.000001
    201312            0.000030            0.000002            0.032872            0.000304            0.201001            0.004577            0.000060            0.000001            0.000021            0.000000
    201401            0.000024            0.000002            0.034366            0.000513            0.180252            0.012768            0.000059            0.000001            0.000018            0.000001
    201402            0.000021            0.000003            0.036008            0.000341            0.163252            0.001729            0.000058            0.000001            0.000017            0.000000
    201403            0.000027            0.000003            0.036217            0.000123            0.156017            0.004423            0.000064            0.000002            0.000017            0.000000
    201404            0.000049            0.000013            0.035456            0.000300            0.144052            0.003546            0.000068            0.000001            0.000018            0.000000
    201405            0.000083            0.000002            0.034244            0.000613            0.141906            0.006654            0.000070            0.000000            0.000020            0.000001
    201406            0.000113            0.000020            0.032121            0.000523            0.123645            0.002729            0.000068            0.000001            0.000022            0.000001
    201407            0.000107            0.000022            0.031667            0.000224            0.113896            0.007241            0.000063            0.000002            0.000024            0.000000
    201408            0.000072            0.000014            0.033419            0.000746            0.098837            0.004507            0.000057            0.000002            0.000024            0.000000
    201409            0.000051            0.000002            0.035769            0.000412            0.102136            0.005823            0.000054            0.000001            0.000024            0.000000
    201410            0.000052            0.000001            0.037137            0.000514            0.120305            0.005885            0.000056            0.000000            0.000024            0.000000
    201411            0.000037            0.000002            0.038445            0.000284            0.141232            0.007907            0.000057            0.000000            0.000024            0.000000
    201412            0.000033            0.000003            0.039101            0.000157            0.156906            0.001985            0.000060            0.000001            0.000023            0.000001
    201501            0.000025            0.000001            0.040621            0.000603            0.142259            0.008485            0.000057            0.000001            0.000020            0.000001
    201502            0.000027            0.000005            0.042807            0.000518            0.140764            0.004989            0.000058            0.000001            0.000018            0.000000
    201503            0.000045            0.000012            0.042668            0.000364            0.128839            0.008052            0.000066            0.000002            0.000020            0.000000
    201504            0.000082            0.000023            0.041577            0.000353            0.119351            0.004236            0.000069            0.000001            0.000020            0.000001
    201505            0.000135            0.000009            0.039796            0.000970            0.132583            0.010605            0.000072            0.000003            0.000024            0.000002
    201506            0.000131            0.000017            0.035760            0.000852            0.126594            0.011493            0.000075            0.000005            0.000030            0.000001
    201507            0.000121            0.000019            0.034609            0.000228            0.112231            0.003252            0.000063            0.000002            0.000027            0.000000
    201508            0.000119            0.000010            0.033161            0.000794            0.129899            0.007031            0.000062            0.000001            0.000030            0.000001
    201509            0.000137            0.000021            0.029917            0.001042            0.163171            0.017794            0.000064            0.000001            0.000032            0.000001
    201510            0.000077            0.000010            0.026678            0.000648            0.199286            0.005208            0.000064            0.000001            0.000032            0.000001
    201511            0.000055            0.000003            0.025793            0.000083            0.237081            0.019680            0.000061            0.000000            0.000029            0.000001
    201512            0.000049            0.000002            0.024764            0.000332            0.279015            0.012056            0.000065            0.000001            0.000027            0.000001
    201601            0.000042            0.000002            0.023462            0.000503            0.303969            0.002587            0.000067            0.000001            0.000025            0.000001
    201602            0.000036            0.000001            0.021694            0.000489            0.290349            0.006658            0.000070            0.000001            0.000023            0.000001
    201603            0.000036            0.000004            0.020228            0.000313            0.271633            0.002049            0.000068            0.000001            0.000021            0.000001
    201604            0.000072            0.000025            0.018862            0.000454            0.273193            0.008292            0.000069            0.000001            0.000020            0.000000
    201605            0.000137            0.000007            0.016649            0.000870            0.307637            0.010035            0.000072            0.000001            0.000023            0.000001
    201606            0.000131            0.000010            0.013768            0.000740            0.316736            0.004692            0.000068            0.000002            0.000025            0.000000
    201607            0.000132            0.000008            0.011685            0.000515            0.343416            0.009254            0.000064            0.000001            0.000027            0.000000
    201608            0.000100            0.000018            0.010336            0.000276            0.383143            0.013165            0.000060            0.000001            0.000028            0.000000
    201609            0.000100            0.000021            0.009717            0.000144            0.438303            0.022743            0.000059            0.000000            0.000028            0.000000
    201610            0.000071            0.000006            0.009301            0.000158            0.486706            0.006607            0.000059            0.000000            0.000028            0.000000
    201611            0.000051            0.000002            0.009866            0.000311            0.543193            0.025573            0.000058            0.000000            0.000026            0.000000
    201612            0.000041            0.000007            0.011026            0.000332            0.584837            0.044345            0.000060            0.000001            0.000025            0.000001
    201701            0.000019            0.000003            0.013326            0.000940            0.345318            0.062615            0.000052            0.000003            0.000020            0.000002
    201702            0.000014            0.000001            0.016194            0.000698            0.196894            0.027865            0.000041            0.000003            0.000015            0.000001
    201703            0.000017            0.000002            0.018870            0.000924            0.133953            0.009130            0.000034            0.000001            0.000012            0.000000
    201704            0.000051            0.000021            0.023575            0.001931            0.145945            0.015280            0.000040            0.000006            0.000014            0.000003
    201705            0.000088            0.000001            0.029486            0.001493            0.133031            0.013527            0.000055            0.000001            0.000022            0.000001
    201706            0.000099            0.000024            0.034854            0.001715            0.102667            0.002936            0.000054            0.000001            0.000025            0.000001
    201707            0.000118            0.000010            0.040711            0.001685            0.091220            0.003514            0.000054            0.000000            0.000028            0.000001
    201708            0.000105            0.000006            0.045552            0.000989            0.085328            0.002550            0.000053            0.000000            0.000029            0.000000
