 Simulation_Period = 20090901 -- 20170831
   ID  VAR           Date             OBS_avg             SIM_avg              SIM_sd
    1    1       20100122          0.00003208          0.00000672          0.00000003
    2    1       20100217          0.00001793          0.00000283          0.00000003
    3    1       20100318          0.00006394          0.00001011          0.00000003
    4    1       20100427          0.00008240          0.00011361          0.00000091
    5    1       20100517          0.00012650          0.00012554          0.00000655
    6    1       20100610          0.00011700          0.00011941          0.00000175
    7    1       20100701          0.00015520          0.00009826          0.00000012
    8    1       20100721          0.00015040          0.00012571          0.00000017
    9    1       20100827          0.00006145          0.00007486          0.00000036
   10    1       20100922          0.00012470          0.00008997          0.00000048
   11    1       20101118          0.00006804          0.00004168          0.00000025
   12    1       20101222          0.00002884          0.00000249          0.00000002
   13    1       20110122          0.00001339          0.00000251          0.00000003
   14    1       20110222          0.00002797          0.00001566          0.00000032
   15    1       20110323          0.00006178          0.00001658          0.00000001
   16    1       20110428          0.00011320          0.00006930          0.00000033
   17    1       20110526          0.00012210          0.00012338          0.00000073
   18    1       20110626          0.00003272          0.00007833          0.00000265
   19    1       20110719          0.00003010          0.00002762          0.00000121
   20    1       20110816          0.00007841          0.00003244          0.00000010
   21    1       20110905          0.00004147          0.00003934          0.00000038
   22    1       20110924          0.00003985          0.00004520          0.00000015
   23    1       20111018          0.00005724          0.00005217          0.00000064
   24    1       20111112          0.00006761          0.00005321          0.00000015
   25    1       20111210          0.00001739          0.00003896          0.00000004
   26    1       20120115          0.00001458          0.00002758          0.00000006
   27    1       20120219          0.00003002          0.00003738          0.00000011
   28    1       20120313          0.00005486          0.00005886          0.00000175
   29    1       20120421          0.00005292          0.00011172          0.00000011
   30    1       20120519          0.00003175          0.00006460          0.00000040
   31    1       20120617          0.00003737          0.00007668          0.00000080
   32    1       20120722          0.00003996          0.00005859          0.00000034
   33    1       20120823          0.00003823          0.00005230          0.00000017
   34    1       20120922          0.00002711          0.00005045          0.00000008
   35    1       20121028          0.00003197          0.00003537          0.00000010
   36    1       20121117          0.00002614          0.00002475          0.00000009
   37    1       20121218          0.00002700          0.00002105          0.00000023
   38    1       20130120          0.00004374          0.00001990          0.00000015
   39    1       20130327          0.00003402          0.00002945          0.00000004
   40    1       20130529          0.00013270          0.00010883          0.00000018
   41    1       20130624          0.00013220          0.00017292          0.00000014
   42    1       20130802          0.00012310          0.00015360          0.00000002
   43    1       20130907          0.00009299          0.00008983          0.00000015
   44    1       20131009          0.00004741          0.00006050          0.00000002
   45    1       20140723          0.00011390          0.00009363          0.00000080
   46    1       20140827          0.00004838          0.00005803          0.00000021
   47    1       20140930          0.00004644          0.00005294          0.00000026
   48    1       20141029          0.00003370          0.00005152          0.00000025
   49    1       20141125          0.00002538          0.00003642          0.00000018
   50    1       20150203          0.00006772          0.00003393          0.00000016
   51    1       20150311          0.00008618          0.00005358          0.00000003
   52    1       20150426          0.00010120          0.00010635          0.00000019
   53    1       20150518          0.00009860          0.00012786          0.00000014
   54    1       20150624          0.00013050          0.00011537          0.00000050
   55    1       20150716          0.00004676          0.00008843          0.00000017
   56    1       20150926          0.00015290          0.00015758          0.00000100
   57    1       20151119          0.00007193          0.00005216          0.00000054
   58    1       20151216          0.00007474          0.00004892          0.00000025
   59    1       20160129          0.00003067          0.00004046          0.00000011
   60    1       20160229          0.00004082          0.00003527          0.00000003
   61    1       20160320          0.00007063          0.00003310          0.00000002
   62    1       20160423          0.00012700          0.00010128          0.00000061
   63    1       20160521          0.00013880          0.00014045          0.00000017
   64    1       20160617          0.00011240          0.00013629          0.00000350
   65    1       20160629          0.00016010          0.00014639          0.00000041
   66    1       20160713          0.00012070          0.00013169          0.00000030
   67    1       20160801          0.00017510          0.00013144          0.00000026
   68    1       20160816          0.00013120          0.00009113          0.00000019
   69    1       20160831          0.00012540          0.00007359          0.00000012
   70    1       20160913          0.00017650          0.00011966          0.00000100
   71    1       20160929          0.00014680          0.00007723          0.00000036
   72    1       20161028          0.00013070          0.00006319          0.00000005
   73    1       20161123          0.00008132          0.00005156          0.00000027
   74    1       20161222          0.00004514          0.00004147          0.00000051
   75    2       20000101          0.02500000          0.03390046          0.01830944
   76    3         201610          0.48670000          0.48670635          0.00660651
   77    4         201010     130590.00000000          0.00005626          0.00000066
   78    4         201110     239640.00000000          0.00004754          0.00000174
   79    4         201201     241050.00000000          0.00005459          0.00000082
   80    4         201202     174160.00000000          0.00005970          0.00000242
   81    4         201203     153250.00000000          0.00007516          0.00000686
   82    4         201204     304870.00000000          0.00009590          0.00000262
   83    4         201205     770510.00000000          0.00009486          0.00000448
   84    4         201206     264490.00000000          0.00007257          0.00000693
   85    4         201207      67019.00000000          0.00006010          0.00000142
   86    4         201208      88129.00000000          0.00005587          0.00000117
   87    4         201209     169360.00000000          0.00005528          0.00000050
   88    4         201210     243540.00000000          0.00005454          0.00000051
   89    4         201211     125120.00000000          0.00004987          0.00000261
   90    4         201212     157000.00000000          0.00004631          0.00000126
   91    4         201310     170630.00000000          0.00006962          0.00000714
   92    4         201410     164820.00000000          0.00005600          0.00000038
   93    4         201510     211790.00000000          0.00006375          0.00000137
   94    4         201601     372390.00000000          0.00006691          0.00000121
   95    4         201602     155120.00000000          0.00006956          0.00000074
   96    4         201603     223690.00000000          0.00006849          0.00000088
   97    4         201604     228890.00000000          0.00006887          0.00000061
   98    4         201605     224430.00000000          0.00007171          0.00000078
   99    4         201606     370850.00000000          0.00006805          0.00000164
  100    4         201607     313380.00000000          0.00006355          0.00000118
  101    4         201608     329670.00000000          0.00006016          0.00000083
  102    4         201609     238320.00000000          0.00005916          0.00000033
  103    4         201610     188470.00000000          0.00005894          0.00000029
  104    4         201611     218500.00000000          0.00005782          0.00000044
  105    4         201612     221120.00000000          0.00005958          0.00000069
  106    5         201010     145330.00000000          0.00002912          0.00000043
  107    5         201110     257060.00000000          0.00002459          0.00000075
  108    5         201201     241700.00000000          0.00002206          0.00000091
  109    5         201202     177620.00000000          0.00002182          0.00000037
  110    5         201203     198650.00000000          0.00002544          0.00000200
  111    5         201204     369470.00000000          0.00003254          0.00000112
  112    5         201205     732650.00000000          0.00003336          0.00000161
  113    5         201206     272700.00000000          0.00002548          0.00000228
  114    5         201207      96377.00000000          0.00002208          0.00000028
  115    5         201208     126100.00000000          0.00002148          0.00000027
  116    5         201209     183480.00000000          0.00002197          0.00000019
  117    5         201210     273280.00000000          0.00002195          0.00000020
  118    5         201211     145550.00000000          0.00001972          0.00000120
  119    5         201212     212280.00000000          0.00001752          0.00000023
  120    5         201310     181040.00000000          0.00002689          0.00000291
  121    5         201410     176390.00000000          0.00002445          0.00000010
  122    5         201510     208440.00000000          0.00003234          0.00000104
  123    5         201601     132510.00000000          0.00002466          0.00000053
  124    5         201602     153070.00000000          0.00002285          0.00000051
  125    5         201603     232540.00000000          0.00002070          0.00000067
  126    5         201604     244750.00000000          0.00002004          0.00000025
  127    5         201605     224830.00000000          0.00002293          0.00000122
  128    5         201606     389990.00000000          0.00002538          0.00000038
  129    5         201607     348450.00000000          0.00002701          0.00000043
  130    5         201608     336250.00000000          0.00002798          0.00000011
  131    5         201609     238160.00000000          0.00002836          0.00000031
  132    5         201610     190420.00000000          0.00002821          0.00000033
  133    5         201611     307160.00000000          0.00002638          0.00000042
  134    5         201612     238760.00000000          0.00002473          0.00000062

OBJ-FUNCTIONS & PARAMETERS:
    fOBJ (best=0) =     0.3194
          fOBJ[i] =     0.4002    0.0000    0.0000    0.3997    0.4736
   fOBJ_weight[i] =     0.5556    0.1111    0.1111    0.1111    0.1111

             LF0              r0            fINP              VP            PAR1             KP1             fKM            PAR3            Qmax             Kba            Kdes              rE             pEP            fpEM              fD              gD              Vg           alpha              KD              Yg            Ygsl             Q10           gamma            beta           WPA2D             tau           wdorm         VNup_MB        KsNH4_MB        KsNO3_MB            Vnit          Vdenit            PAR4
     0.90000000,     0.20000000,     0.40000000,    75.00000000,     2.00000000,   100.00000000,     6.00000000,   492.00000000,     2.50000000,     6.00000000,     0.00600000,     0.00350805,     0.03227967,     0.84783285,     0.89996236,     0.89283454,     0.04971477,     0.04000070,     0.00079173,     0.21377074,     0.00124117,     1.28369896,     0.01054752,     0.00050106,     0.04804647,     0.25000000,     4.00000000,     0.04999182,     0.00010000,     0.00010000,     0.02651949,     0.02614681,     1.00000000,
